[2026-07-05 08:21:18] local.ERROR: Please provide a valid cache path. {"exception":"[object] (InvalidArgumentException(code: 0): Please provide a valid cache path. at /Users/xuejingchen/Desktop/vscode/LUMO_GUIDE_BackendCode/vendor/laravel/framework/src/Illuminate/View/Compilers/Compiler.php:66)
[stacktrace]
#0 /Users/xuejingchen/Desktop/vscode/LUMO_GUIDE_BackendCode/vendor/laravel/framework/src/Illuminate/View/ViewServiceProvider.php(96): Illuminate\\View\\Compilers\\Compiler->__construct(Object(Illuminate\\Filesystem\\Filesystem), false, '', true, 'php')
#1 /Users/xuejingchen/Desktop/vscode/LUMO_GUIDE_BackendCode/vendor/laravel/framework/src/Illuminate/Container/Container.php(885): Illuminate\\View\\ViewServiceProvider->Illuminate\\View\\{closure}(Object(Illuminate\\Foundation\\Application), Array)
#2 /Users/xuejingchen/Desktop/vscode/LUMO_GUIDE_BackendCode/vendor/laravel/framework/src/Illuminate/Container/Container.php(770): Illuminate\\Container\\Container->build(Object(Closure))
#3 /Users/xuejingchen/Desktop/vscode/LUMO_GUIDE_BackendCode/vendor/laravel/framework/src/Illuminate/Foundation/Application.php(881): Illuminate\\Container\\Container->resolve('blade.compiler', Array, true)
#4 /Users/xuejingchen/Desktop/vscode/LUMO_GUIDE_BackendCode/vendor/laravel/framework/src/Illuminate/Container/Container.php(706): Illuminate\\Foundation\\Application->resolve('blade.compiler', Array)
#5 /Users/xuejingchen/Desktop/vscode/LUMO_GUIDE_BackendCode/vendor/laravel/framework/src/Illuminate/Foundation/Application.php(866): Illuminate\\Container\\Container->make('blade.compiler', Array)
#6 /Users/xuejingchen/Desktop/vscode/LUMO_GUIDE_BackendCode/vendor/laravel/framework/src/Illuminate/Container/Container.php(1431): Illuminate\\Foundation\\Application->make('blade.compiler')
#7 /Users/xuejingchen/Desktop/vscode/LUMO_GUIDE_BackendCode/vendor/laravel/framework/src/Illuminate/Support/Facades/Facade.php(222): Illuminate\\Container\\Container->offsetGet('blade.compiler')
#8 /Users/xuejingchen/Desktop/vscode/LUMO_GUIDE_BackendCode/vendor/laravel/framework/src/Illuminate/Support/Facades/Facade.php(193): Illuminate\\Support\\Facades\\Facade::resolveFacadeInstance('blade.compiler')
#9 /Users/xuejingchen/Desktop/vscode/LUMO_GUIDE_BackendCode/vendor/laravel/framework/src/Illuminate/Support/Facades/Facade.php(332): Illuminate\\Support\\Facades\\Facade::getFacadeRoot()
#10 /Users/xuejingchen/Desktop/vscode/LUMO_GUIDE_BackendCode/vendor/dcat/laravel-admin/src/AdminServiceProvider.php(159): Illuminate\\Support\\Facades\\Facade::__callStatic('withoutDoubleEn...', Array)
#11 /Users/xuejingchen/Desktop/vscode/LUMO_GUIDE_BackendCode/vendor/dcat/laravel-admin/src/AdminServiceProvider.php(112): Dcat\\Admin\\AdminServiceProvider->compatibleBlade()
#12 /Users/xuejingchen/Desktop/vscode/LUMO_GUIDE_BackendCode/vendor/laravel/framework/src/Illuminate/Container/BoundMethod.php(36): Dcat\\Admin\\AdminServiceProvider->boot()
#13 /Users/xuejingchen/Desktop/vscode/LUMO_GUIDE_BackendCode/vendor/laravel/framework/src/Illuminate/Container/Util.php(41): Illuminate\\Container\\BoundMethod::Illuminate\\Container\\{closure}()
#14 /Users/xuejingchen/Desktop/vscode/LUMO_GUIDE_BackendCode/vendor/laravel/framework/src/Illuminate/Container/BoundMethod.php(93): Illuminate\\Container\\Util::unwrapIfClosure(Object(Closure))
#15 /Users/xuejingchen/Desktop/vscode/LUMO_GUIDE_BackendCode/vendor/laravel/framework/src/Illuminate/Container/BoundMethod.php(35): Illuminate\\Container\\BoundMethod::callBoundMethod(Object(Illuminate\\Foundation\\Application), Array, Object(Closure))
#16 /Users/xuejingchen/Desktop/vscode/LUMO_GUIDE_BackendCode/vendor/laravel/framework/src/Illuminate/Container/Container.php(661): Illuminate\\Container\\BoundMethod::call(Object(Illuminate\\Foundation\\Application), Array, Array, NULL)
#17 /Users/xuejingchen/Desktop/vscode/LUMO_GUIDE_BackendCode/vendor/laravel/framework/src/Illuminate/Foundation/Application.php(954): Illuminate\\Container\\Container->call(Array)
#18 /Users/xuejingchen/Desktop/vscode/LUMO_GUIDE_BackendCode/vendor/laravel/framework/src/Illuminate/Foundation/Application.php(935): Illuminate\\Foundation\\Application->bootProvider(Object(Dcat\\Admin\\AdminServiceProvider))
#19 [internal function]: Illuminate\\Foundation\\Application->Illuminate\\Foundation\\{closure}(Object(Dcat\\Admin\\AdminServiceProvider), 15)
#20 /Users/xuejingchen/Desktop/vscode/LUMO_GUIDE_BackendCode/vendor/laravel/framework/src/Illuminate/Foundation/Application.php(934): array_walk(Array, Object(Closure))
#21 /Users/xuejingchen/Desktop/vscode/LUMO_GUIDE_BackendCode/vendor/laravel/framework/src/Illuminate/Foundation/Bootstrap/BootProviders.php(17): Illuminate\\Foundation\\Application->boot()
#22 /Users/xuejingchen/Desktop/vscode/LUMO_GUIDE_BackendCode/vendor/laravel/framework/src/Illuminate/Foundation/Application.php(265): Illuminate\\Foundation\\Bootstrap\\BootProviders->bootstrap(Object(Illuminate\\Foundation\\Application))
#23 /Users/xuejingchen/Desktop/vscode/LUMO_GUIDE_BackendCode/vendor/laravel/framework/src/Illuminate/Foundation/Console/Kernel.php(383): Illuminate\\Foundation\\Application->bootstrapWith(Array)
#24 /Users/xuejingchen/Desktop/vscode/LUMO_GUIDE_BackendCode/vendor/laravel/framework/src/Illuminate/Foundation/Console/Kernel.php(153): Illuminate\\Foundation\\Console\\Kernel->bootstrap()
#25 /Users/xuejingchen/Desktop/vscode/LUMO_GUIDE_BackendCode/artisan(35): Illuminate\\Foundation\\Console\\Kernel->handle(Object(Symfony\\Component\\Console\\Input\\ArgvInput), Object(Symfony\\Component\\Console\\Output\\ConsoleOutput))
#26 {main}
"} 
